Sep 29, 2021 9:26:41 PM UDPClient main
INFO: Information message at 2021-09-29 21:26:41.011
Sep 29, 2021 9:26:41 PM UDPClient main
WARNING: Warning message at 2021-09-29 21:26:41.047
Sep 29, 2021 9:26:41 PM UDPClient main
INFO: Log started at 2021-09-29 21:26:41.048
Sep 29, 2021 9:26:45 PM UDPClient main
INFO: PREPARING DATAGRAM at 2021-09-29 21:26:45.512
Sep 29, 2021 9:26:51 PM UDPClient main
INFO: Sending datagram packet at 
Sep 29, 2021 9:26:51 PM UDPClient main
INFO: Received a datagram at 2021-09-29 21:26:51.431
Sep 29, 2021 9:26:55 PM UDPClient main
INFO: Sending datagram packet at 
Sep 29, 2021 9:26:55 PM UDPClient main
INFO: Received a datagram at 2021-09-29 21:26:55.192
Sep 29, 2021 9:26:59 PM UDPClient main
INFO: Sending datagram packet at 
Sep 29, 2021 9:26:59 PM UDPClient main
INFO: Received a datagram at 2021-09-29 21:26:59.893
Sep 29, 2021 9:39:02 PM UDPClient main
INFO: Information message at 2021-09-29 21:39:02.444
Sep 29, 2021 9:39:02 PM UDPClient main
WARNING: Warning message at 2021-09-29 21:39:02.479
Sep 29, 2021 9:39:02 PM UDPClient main
INFO: Log started at 2021-09-29 21:39:02.481
Sep 29, 2021 9:39:09 PM UDPClient main
INFO: PREPARING DATAGRAM at 2021-09-29 21:39:09.822
Sep 29, 2021 9:39:20 PM UDPClient main
INFO: Sending datagram packet at 
Sep 29, 2021 9:39:20 PM UDPClient main
INFO: Received a datagram at 2021-09-29 21:39:20.968
Sep 29, 2021 9:39:23 PM UDPClient main
INFO: Sending datagram packet at 
Sep 29, 2021 9:39:23 PM UDPClient main
INFO: Received a datagram at 2021-09-29 21:39:23.657
Sep 29, 2021 9:39:40 PM UDPClient main
INFO: Sending datagram packet at 
Sep 29, 2021 9:39:40 PM UDPClient main
INFO: Received a datagram at 2021-09-29 21:39:40.817
Sep 29, 2021 9:39:49 PM UDPClient main
INFO: Sending datagram packet at 
Sep 29, 2021 9:39:49 PM UDPClient main
INFO: Received a datagram at 2021-09-29 21:39:49.682
Sep 29, 2021 9:39:53 PM UDPClient main
INFO: Sending datagram packet at 
Sep 29, 2021 9:39:53 PM UDPClient main
INFO: Received a datagram at 2021-09-29 21:39:53.125
Sep 29, 2021 9:39:54 PM UDPClient main
INFO: Sending datagram packet at 
Sep 29, 2021 9:39:54 PM UDPClient main
INFO: Received a datagram at 2021-09-29 21:39:54.944
Sep 29, 2021 9:40:00 PM UDPClient main
INFO: Sending datagram packet at 
Sep 29, 2021 9:40:00 PM UDPClient main
INFO: Received a datagram at 2021-09-29 21:40:00.690
Sep 29, 2021 9:40:02 PM UDPClient main
INFO: Sending datagram packet at 
Sep 29, 2021 9:40:02 PM UDPClient main
INFO: Received a datagram at 2021-09-29 21:40:02.097
Sep 29, 2021 9:40:07 PM UDPClient main
INFO: Sending datagram packet at 
Sep 29, 2021 9:40:07 PM UDPClient main
INFO: Received a datagram at 2021-09-29 21:40:07.686
Sep 29, 2021 9:40:09 PM UDPClient main
INFO: Sending datagram packet at 
Sep 29, 2021 9:40:09 PM UDPClient main
INFO: Received a datagram at 2021-09-29 21:40:09.145
Sep 29, 2021 9:40:36 PM UDPClient main
INFO: Information message at 2021-09-29 21:40:36.721
Sep 29, 2021 9:40:36 PM UDPClient main
WARNING: Warning message at 2021-09-29 21:40:36.752
Sep 29, 2021 9:40:36 PM UDPClient main
INFO: Log started at 2021-09-29 21:40:36.753
Sep 29, 2021 9:40:55 PM UDPClient main
INFO: PREPARING DATAGRAM at 2021-09-29 21:40:55.101
Sep 29, 2021 9:41:00 PM UDPClient main
INFO: Sending datagram packet at 
Sep 29, 2021 9:41:00 PM UDPClient main
INFO: Received a datagram at 2021-09-29 21:41:00.386
Sep 29, 2021 9:41:01 PM UDPClient main
INFO: Sending datagram packet at 
Sep 29, 2021 9:41:01 PM UDPClient main
INFO: Received a datagram at 2021-09-29 21:41:01.976
Sep 29, 2021 9:45:23 PM UDPClient main
INFO: Information message at 2021-09-29 21:45:23.158
Sep 29, 2021 9:45:23 PM UDPClient main
WARNING: Warning message at 2021-09-29 21:45:23.199
Sep 29, 2021 9:45:23 PM UDPClient main
INFO: Log started at 2021-09-29 21:45:23.200
Sep 29, 2021 9:47:21 PM UDPClient main
INFO: Information message at 2021-09-29 21:47:21.833
Sep 29, 2021 9:47:21 PM UDPClient main
WARNING: Warning message at 2021-09-29 21:47:21.867
Sep 29, 2021 9:47:21 PM UDPClient main
INFO: Log started at 2021-09-29 21:47:21.868
Sep 29, 2021 9:47:27 PM UDPClient main
INFO: PREPARING DATAGRAM at 2021-09-29 21:47:27.430
Sep 29, 2021 9:47:31 PM UDPClient main
INFO: Sending datagram packet at 
Sep 29, 2021 9:47:31 PM UDPClient main
INFO: Received a datagram at 2021-09-29 21:47:31.769
Sep 29, 2021 9:47:32 PM UDPClient main
INFO: Sending datagram packet at 
Sep 29, 2021 9:47:32 PM UDPClient main
INFO: Received a datagram at 2021-09-29 21:47:32.952
Sep 29, 2021 9:47:43 PM UDPClient main
INFO: Sending datagram packet at 
Sep 29, 2021 9:47:43 PM UDPClient main
INFO: Received a datagram at 2021-09-29 21:47:43.188
Sep 29, 2021 9:47:45 PM UDPClient main
INFO: Sending datagram packet at 
Sep 29, 2021 9:47:45 PM UDPClient main
INFO: Received a datagram at 2021-09-29 21:47:45.133
Sep 29, 2021 9:47:52 PM UDPClient main
INFO: Sending datagram packet at 
Sep 29, 2021 9:47:52 PM UDPClient main
INFO: Received a datagram at 2021-09-29 21:47:52.658
Sep 29, 2021 9:47:54 PM UDPClient main
INFO: Sending datagram packet at 
Sep 29, 2021 9:47:54 PM UDPClient main
INFO: Received a datagram at 2021-09-29 21:47:54.644
Sep 29, 2021 9:49:03 PM UDPClient main
INFO: Sending datagram packet at 
Sep 29, 2021 9:49:03 PM UDPClient main
INFO: Received a datagram at 2021-09-29 21:49:03.892
Sep 29, 2021 9:49:06 PM UDPClient main
INFO: Sending datagram packet at 
Sep 29, 2021 9:49:06 PM UDPClient main
INFO: Received a datagram at 2021-09-29 21:49:06.443
Sep 29, 2021 9:49:11 PM UDPClient main
INFO: Sending datagram packet at 
Sep 29, 2021 9:49:11 PM UDPClient main
INFO: Received a datagram at 2021-09-29 21:49:11.686
Sep 29, 2021 9:49:14 PM UDPClient main
INFO: Sending datagram packet at 
Sep 29, 2021 9:49:14 PM UDPClient main
INFO: Received a datagram at 2021-09-29 21:49:14.052
Sep 29, 2021 9:50:12 PM UDPClient main
INFO: Sending datagram packet at 
Sep 29, 2021 9:50:12 PM UDPClient main
INFO: Received a datagram at 2021-09-29 21:50:12.608
Sep 29, 2021 9:50:15 PM UDPClient main
INFO: Sending datagram packet at 
Sep 29, 2021 9:50:15 PM UDPClient main
INFO: Received a datagram at 2021-09-29 21:50:15.332
Sep 29, 2021 9:54:34 PM UDPClient main
INFO: Information message at 2021-09-29 21:54:34.749
Sep 29, 2021 9:54:34 PM UDPClient main
WARNING: Warning message at 2021-09-29 21:54:34.784
Sep 29, 2021 9:54:34 PM UDPClient main
INFO: Log started at 2021-09-29 21:54:34.785
Sep 29, 2021 9:54:41 PM UDPClient main
INFO: PREPARING DATAGRAM at 2021-09-29 21:54:41.078
Sep 29, 2021 9:54:43 PM UDPClient main
INFO: Sending datagram packet at 2021-09-29 21:54:43.773
Sep 29, 2021 9:54:43 PM UDPClient main
INFO: Received a datagram at 2021-09-29 21:54:43.777
Sep 29, 2021 9:54:44 PM UDPClient main
INFO: Sending datagram packet at 2021-09-29 21:54:44.940
Sep 29, 2021 9:54:44 PM UDPClient main
INFO: Received a datagram at 2021-09-29 21:54:44.943
Sep 29, 2021 9:55:04 PM UDPClient main
INFO: Sending datagram packet at 2021-09-29 21:55:04.582
Sep 29, 2021 9:55:04 PM UDPClient main
INFO: Received a datagram at 2021-09-29 21:55:04.586
Sep 29, 2021 9:55:06 PM UDPClient main
INFO: Sending datagram packet at 2021-09-29 21:55:06.229
Sep 29, 2021 9:55:06 PM UDPClient main
INFO: Received a datagram at 2021-09-29 21:55:06.233
Sep 29, 2021 9:55:11 PM UDPClient main
INFO: Sending datagram packet at 2021-09-29 21:55:11.134
Sep 29, 2021 9:55:11 PM UDPClient main
INFO: Received a datagram at 2021-09-29 21:55:11.137
Sep 29, 2021 9:55:13 PM UDPClient main
INFO: Sending datagram packet at 2021-09-29 21:55:13.169
Sep 29, 2021 9:55:13 PM UDPClient main
INFO: Received a datagram at 2021-09-29 21:55:13.171
Sep 29, 2021 9:55:18 PM UDPClient main
INFO: Sending datagram packet at 2021-09-29 21:55:18.214
Sep 29, 2021 9:55:18 PM UDPClient main
INFO: Received a datagram at 2021-09-29 21:55:18.217
Sep 29, 2021 9:55:20 PM UDPClient main
INFO: Sending datagram packet at 2021-09-29 21:55:20.349
Sep 29, 2021 9:55:20 PM UDPClient main
INFO: Received a datagram at 2021-09-29 21:55:20.353
Sep 29, 2021 9:56:23 PM UDPClient main
INFO: Sending datagram packet at 2021-09-29 21:56:23.902
Sep 29, 2021 9:56:23 PM UDPClient main
INFO: Received a datagram at 2021-09-29 21:56:23.917
Sep 29, 2021 9:56:25 PM UDPClient main
INFO: Sending datagram packet at 2021-09-29 21:56:25.125
Sep 29, 2021 9:56:25 PM UDPClient main
INFO: Received a datagram at 2021-09-29 21:56:25.130
Sep 29, 2021 9:56:30 PM UDPClient main
INFO: Sending datagram packet at 2021-09-29 21:56:30.549
Sep 29, 2021 9:56:30 PM UDPClient main
INFO: Received a datagram at 2021-09-29 21:56:30.553
Sep 29, 2021 9:56:32 PM UDPClient main
INFO: Sending datagram packet at 2021-09-29 21:56:32.901
Sep 29, 2021 9:56:32 PM UDPClient main
INFO: Received a datagram at 2021-09-29 21:56:32.905
Sep 29, 2021 9:56:36 PM UDPClient main
INFO: Sending datagram packet at 2021-09-29 21:56:36.280
Sep 29, 2021 9:56:36 PM UDPClient main
INFO: Received a datagram at 2021-09-29 21:56:36.288
Sep 29, 2021 9:56:38 PM UDPClient main
INFO: Sending datagram packet at 2021-09-29 21:56:38.528
Sep 29, 2021 9:56:38 PM UDPClient main
INFO: Received a datagram at 2021-09-29 21:56:38.531
Sep 29, 2021 9:57:07 PM UDPClient main
INFO: Sending datagram packet at 2021-09-29 21:57:07.414
Sep 29, 2021 9:57:07 PM UDPClient main
INFO: Received a datagram at 2021-09-29 21:57:07.418
Sep 29, 2021 9:57:09 PM UDPClient main
INFO: Sending datagram packet at 2021-09-29 21:57:09.939
Sep 29, 2021 9:57:09 PM UDPClient main
INFO: Received a datagram at 2021-09-29 21:57:09.943
Sep 29, 2021 9:59:18 PM UDPClient main
INFO: Sending datagram packet at 2021-09-29 21:59:18.110
Sep 29, 2021 9:59:18 PM UDPClient main
INFO: Received a datagram at 2021-09-29 21:59:18.126
Sep 29, 2021 9:59:19 PM UDPClient main
INFO: Sending datagram packet at 2021-09-29 21:59:19.768
Sep 29, 2021 9:59:19 PM UDPClient main
INFO: Received a datagram at 2021-09-29 21:59:19.774
Sep 29, 2021 9:59:23 PM UDPClient main
INFO: Sending datagram packet at 2021-09-29 21:59:23.117
Sep 29, 2021 9:59:23 PM UDPClient main
INFO: Received a datagram at 2021-09-29 21:59:23.121
Sep 29, 2021 9:59:24 PM UDPClient main
INFO: Sending datagram packet at 2021-09-29 21:59:24.590
Sep 29, 2021 9:59:24 PM UDPClient main
INFO: Received a datagram at 2021-09-29 21:59:24.594
Sep 29, 2021 9:59:28 PM UDPClient main
INFO: Sending datagram packet at 2021-09-29 21:59:28.448
Sep 29, 2021 9:59:28 PM UDPClient main
INFO: Received a datagram at 2021-09-29 21:59:28.456
Sep 29, 2021 9:59:30 PM UDPClient main
INFO: Sending datagram packet at 2021-09-29 21:59:30.238
Sep 29, 2021 9:59:30 PM UDPClient main
INFO: Received a datagram at 2021-09-29 21:59:30.241
Sep 29, 2021 10:02:37 PM UDPClient main
INFO: Sending datagram packet at 2021-09-29 22:02:37.801
Sep 29, 2021 10:02:37 PM UDPClient main
INFO: Received a datagram at 2021-09-29 22:02:37.817
Sep 29, 2021 10:02:40 PM UDPClient main
INFO: Sending datagram packet at 2021-09-29 22:02:40.473
Sep 29, 2021 10:02:40 PM UDPClient main
INFO: Received a datagram at 2021-09-29 22:02:40.477
Sep 29, 2021 10:02:47 PM UDPClient main
INFO: Sending datagram packet at 2021-09-29 22:02:47.565
Sep 29, 2021 10:02:47 PM UDPClient main
INFO: Received a datagram at 2021-09-29 22:02:47.568
Sep 29, 2021 10:02:49 PM UDPClient main
INFO: Sending datagram packet at 2021-09-29 22:02:49.744
Sep 29, 2021 10:02:49 PM UDPClient main
INFO: Received a datagram at 2021-09-29 22:02:49.747
Sep 29, 2021 10:02:54 PM UDPClient main
INFO: Sending datagram packet at 2021-09-29 22:02:54.109
Sep 29, 2021 10:02:54 PM UDPClient main
INFO: Received a datagram at 2021-09-29 22:02:54.112
Sep 29, 2021 10:02:58 PM UDPClient main
INFO: Sending datagram packet at 2021-09-29 22:02:58.501
Sep 29, 2021 10:02:58 PM UDPClient main
INFO: Received a datagram at 2021-09-29 22:02:58.504
Sep 29, 2021 10:03:04 PM UDPClient main
INFO: Sending datagram packet at 2021-09-29 22:03:04.088
Sep 29, 2021 10:03:04 PM UDPClient main
INFO: Received a datagram at 2021-09-29 22:03:04.091
Sep 29, 2021 10:03:05 PM UDPClient main
INFO: Sending datagram packet at 2021-09-29 22:03:05.485
Sep 29, 2021 10:03:05 PM UDPClient main
INFO: Received a datagram at 2021-09-29 22:03:05.491
Sep 29, 2021 10:03:10 PM UDPClient main
INFO: Sending datagram packet at 2021-09-29 22:03:10.485
Sep 29, 2021 10:03:10 PM UDPClient main
INFO: Received a datagram at 2021-09-29 22:03:10.489
Sep 29, 2021 10:03:12 PM UDPClient main
INFO: Sending datagram packet at 2021-09-29 22:03:12.405
Sep 29, 2021 10:03:12 PM UDPClient main
INFO: Received a datagram at 2021-09-29 22:03:12.408
Sep 29, 2021 10:06:47 PM UDPClient main
INFO: Sending datagram packet at 2021-09-29 22:06:47.381
Sep 29, 2021 10:06:47 PM UDPClient main
INFO: Received a datagram at 2021-09-29 22:06:47.397
Sep 29, 2021 10:06:54 PM UDPClient main
INFO: Sending datagram packet at 2021-09-29 22:06:54.286
Sep 29, 2021 10:06:54 PM UDPClient main
INFO: Received a datagram at 2021-09-29 22:06:54.291
Sep 29, 2021 10:06:58 PM UDPClient main
INFO: Sending datagram packet at 2021-09-29 22:06:58.505
Sep 29, 2021 10:06:58 PM UDPClient main
INFO: Received a datagram at 2021-09-29 22:06:58.510
Sep 29, 2021 10:07:00 PM UDPClient main
INFO: Sending datagram packet at 2021-09-29 22:07:00.776
Sep 29, 2021 10:07:00 PM UDPClient main
INFO: Received a datagram at 2021-09-29 22:07:00.779
Sep 29, 2021 10:07:06 PM UDPClient main
INFO: Sending datagram packet at 2021-09-29 22:07:06.100
Sep 29, 2021 10:07:06 PM UDPClient main
INFO: Received a datagram at 2021-09-29 22:07:06.108
Sep 29, 2021 10:07:07 PM UDPClient main
INFO: Sending datagram packet at 2021-09-29 22:07:07.500
Sep 29, 2021 10:07:07 PM UDPClient main
INFO: Received a datagram at 2021-09-29 22:07:07.503
Sep 29, 2021 10:11:37 PM UDPClient main
INFO: Sending datagram packet at 2021-09-29 22:11:37.993
Sep 29, 2021 10:11:38 PM UDPClient main
INFO: Received a datagram at 2021-09-29 22:11:38.006
Sep 29, 2021 10:11:41 PM UDPClient main
INFO: Sending datagram packet at 2021-09-29 22:11:41.517
Sep 29, 2021 10:11:41 PM UDPClient main
INFO: Received a datagram at 2021-09-29 22:11:41.526
Sep 29, 2021 10:11:43 PM UDPClient main
INFO: Sending datagram packet at 2021-09-29 22:11:43.029
Sep 29, 2021 10:11:43 PM UDPClient main
INFO: Received a datagram at 2021-09-29 22:11:43.035
