Oct 19, 2021 10:51:32 PM Server.HashServer <init>
INFO: Log started at 2021-10-19 22:51:32.943
Oct 19, 2021 10:51:32 PM Server.HashServer runTests
INFO: TESTS STARTED at 2021-10-19 22:51:32.971
Oct 19, 2021 10:51:32 PM Server.HashServer putHandler
INFO: Put request for test1 1 at 2021-10-19 22:51:32.974
Oct 19, 2021 10:51:32 PM Server.HashServer putHandler
INFO: Put request for test2 2 at 2021-10-19 22:51:32.982
Oct 19, 2021 10:51:32 PM Server.HashServer putHandler
INFO: Put request for test3 3 at 2021-10-19 22:51:32.983
Oct 19, 2021 10:51:32 PM Server.HashServer putHandler
INFO: Put request for test4 4 at 2021-10-19 22:51:32.985
Oct 19, 2021 10:51:32 PM Server.HashServer putHandler
INFO: Put request for test5 5 at 2021-10-19 22:51:32.987
Oct 19, 2021 10:51:32 PM Server.HashServer getHandler
INFO: Get request for test1 at 2021-10-19 22:51:32.989
Oct 19, 2021 10:51:32 PM Server.HashServer getHandler
INFO: Get request for test2 at 2021-10-19 22:51:32.992
Oct 19, 2021 10:51:32 PM Server.HashServer getHandler
INFO: Get request for test3 at 2021-10-19 22:51:32.994
Oct 19, 2021 10:51:32 PM Server.HashServer getHandler
INFO: Get request for test4 at 2021-10-19 22:51:32.996
Oct 19, 2021 10:51:32 PM Server.HashServer getHandler
INFO: Get request for test5 at 2021-10-19 22:51:32.998
Oct 19, 2021 10:51:33 PM Server.HashServer deleteHandler
INFO: Delete request for test1 at 2021-10-19 22:51:33.000
Oct 19, 2021 10:51:33 PM Server.HashServer deleteHandler
INFO: Delete request for test2 at 2021-10-19 22:51:33.001
Oct 19, 2021 10:51:33 PM Server.HashServer deleteHandler
INFO: Delete request for test3 at 2021-10-19 22:51:33.003
Oct 19, 2021 10:51:33 PM Server.HashServer deleteHandler
INFO: Delete request for test4 at 2021-10-19 22:51:33.005
Oct 19, 2021 10:51:33 PM Server.HashServer deleteHandler
INFO: Delete request for test5 at 2021-10-19 22:51:33.008
Oct 19, 2021 10:51:33 PM Server.HashServer runTests
INFO: TEST FINISHED at 2021-10-19 22:51:33.011
Oct 20, 2021 11:46:58 AM Server.HashServer <init>
INFO: Log started at 2021-10-20 11:46:58.265
Oct 20, 2021 11:46:58 AM Server.HashServer runTests
INFO: TESTS STARTED at 2021-10-20 11:46:58.289
Oct 20, 2021 11:46:58 AM Server.HashServer putHandler
INFO: Put request for test1 1 at 2021-10-20 11:46:58.292
Oct 20, 2021 11:46:58 AM Server.HashServer putHandler
INFO: Put request for test2 2 at 2021-10-20 11:46:58.301
Oct 20, 2021 11:46:58 AM Server.HashServer putHandler
INFO: Put request for test3 3 at 2021-10-20 11:46:58.302
Oct 20, 2021 11:46:58 AM Server.HashServer putHandler
INFO: Put request for test4 4 at 2021-10-20 11:46:58.304
Oct 20, 2021 11:46:58 AM Server.HashServer putHandler
INFO: Put request for test5 5 at 2021-10-20 11:46:58.305
Oct 20, 2021 11:46:58 AM Server.HashServer getHandler
INFO: Get request for test1 at 2021-10-20 11:46:58.307
Oct 20, 2021 11:46:58 AM Server.HashServer getHandler
INFO: Get request for test2 at 2021-10-20 11:46:58.309
Oct 20, 2021 11:46:58 AM Server.HashServer getHandler
INFO: Get request for test3 at 2021-10-20 11:46:58.311
Oct 20, 2021 11:46:58 AM Server.HashServer getHandler
INFO: Get request for test4 at 2021-10-20 11:46:58.312
Oct 20, 2021 11:46:58 AM Server.HashServer getHandler
INFO: Get request for test5 at 2021-10-20 11:46:58.314
Oct 20, 2021 11:46:58 AM Server.HashServer deleteHandler
INFO: Delete request for test1 at 2021-10-20 11:46:58.316
Oct 20, 2021 11:46:58 AM Server.HashServer deleteHandler
INFO: Delete request for test2 at 2021-10-20 11:46:58.317
Oct 20, 2021 11:46:58 AM Server.HashServer deleteHandler
INFO: Delete request for test3 at 2021-10-20 11:46:58.318
Oct 20, 2021 11:46:58 AM Server.HashServer deleteHandler
INFO: Delete request for test4 at 2021-10-20 11:46:58.319
Oct 20, 2021 11:46:58 AM Server.HashServer deleteHandler
INFO: Delete request for test5 at 2021-10-20 11:46:58.321
Oct 20, 2021 11:46:58 AM Server.HashServer runTests
INFO: TEST FINISHED at 2021-10-20 11:46:58.324
Oct 20, 2021 11:47:19 AM Server.HashServer <init>
INFO: Log started at 2021-10-20 11:47:19.308
Oct 20, 2021 11:47:19 AM Server.HashServer runTests
INFO: TESTS STARTED at 2021-10-20 11:47:19.333
Oct 20, 2021 11:47:19 AM Server.HashServer putHandler
INFO: Put request for test1 1 at 2021-10-20 11:47:19.335
Oct 20, 2021 11:47:19 AM Server.HashServer putHandler
INFO: Put request for test2 2 at 2021-10-20 11:47:19.342
Oct 20, 2021 11:47:19 AM Server.HashServer putHandler
INFO: Put request for test3 3 at 2021-10-20 11:47:19.344
Oct 20, 2021 11:47:19 AM Server.HashServer putHandler
INFO: Put request for test4 4 at 2021-10-20 11:47:19.345
Oct 20, 2021 11:47:19 AM Server.HashServer putHandler
INFO: Put request for test5 5 at 2021-10-20 11:47:19.346
Oct 20, 2021 11:47:19 AM Server.HashServer getHandler
INFO: Get request for test1 at 2021-10-20 11:47:19.347
Oct 20, 2021 11:47:19 AM Server.HashServer getHandler
INFO: Get request for test2 at 2021-10-20 11:47:19.348
Oct 20, 2021 11:47:19 AM Server.HashServer getHandler
INFO: Get request for test3 at 2021-10-20 11:47:19.351
Oct 20, 2021 11:47:19 AM Server.HashServer getHandler
INFO: Get request for test4 at 2021-10-20 11:47:19.352
Oct 20, 2021 11:47:19 AM Server.HashServer getHandler
INFO: Get request for test5 at 2021-10-20 11:47:19.353
Oct 20, 2021 11:47:19 AM Server.HashServer deleteHandler
INFO: Delete request for test1 at 2021-10-20 11:47:19.355
Oct 20, 2021 11:47:19 AM Server.HashServer deleteHandler
INFO: Delete request for test2 at 2021-10-20 11:47:19.357
Oct 20, 2021 11:47:19 AM Server.HashServer deleteHandler
INFO: Delete request for test3 at 2021-10-20 11:47:19.358
Oct 20, 2021 11:47:19 AM Server.HashServer deleteHandler
INFO: Delete request for test4 at 2021-10-20 11:47:19.359
Oct 20, 2021 11:47:19 AM Server.HashServer deleteHandler
INFO: Delete request for test5 at 2021-10-20 11:47:19.361
Oct 20, 2021 11:47:19 AM Server.HashServer runTests
INFO: TEST FINISHED at 2021-10-20 11:47:19.365
Oct 20, 2021 11:47:24 AM Server.HashServer <init>
INFO: Log started at 2021-10-20 11:47:24.686
Oct 20, 2021 11:47:24 AM Server.HashServer runTests
INFO: TESTS STARTED at 2021-10-20 11:47:24.711
Oct 20, 2021 11:47:24 AM Server.HashServer putHandler
INFO: Put request for test1 1 at 2021-10-20 11:47:24.712
Oct 20, 2021 11:47:24 AM Server.HashServer putHandler
INFO: Put request for test2 2 at 2021-10-20 11:47:24.719
Oct 20, 2021 11:47:24 AM Server.HashServer putHandler
INFO: Put request for test3 3 at 2021-10-20 11:47:24.721
Oct 20, 2021 11:47:24 AM Server.HashServer putHandler
INFO: Put request for test4 4 at 2021-10-20 11:47:24.722
Oct 20, 2021 11:47:24 AM Server.HashServer putHandler
INFO: Put request for test5 5 at 2021-10-20 11:47:24.723
Oct 20, 2021 11:47:24 AM Server.HashServer getHandler
INFO: Get request for test1 at 2021-10-20 11:47:24.724
Oct 20, 2021 11:47:24 AM Server.HashServer getHandler
INFO: Get request for test2 at 2021-10-20 11:47:24.726
Oct 20, 2021 11:47:24 AM Server.HashServer getHandler
INFO: Get request for test3 at 2021-10-20 11:47:24.727
Oct 20, 2021 11:47:24 AM Server.HashServer getHandler
INFO: Get request for test4 at 2021-10-20 11:47:24.729
Oct 20, 2021 11:47:24 AM Server.HashServer getHandler
INFO: Get request for test5 at 2021-10-20 11:47:24.731
Oct 20, 2021 11:47:24 AM Server.HashServer deleteHandler
INFO: Delete request for test1 at 2021-10-20 11:47:24.732
Oct 20, 2021 11:47:24 AM Server.HashServer deleteHandler
INFO: Delete request for test2 at 2021-10-20 11:47:24.734
Oct 20, 2021 11:47:24 AM Server.HashServer deleteHandler
INFO: Delete request for test3 at 2021-10-20 11:47:24.735
Oct 20, 2021 11:47:24 AM Server.HashServer deleteHandler
INFO: Delete request for test4 at 2021-10-20 11:47:24.736
Oct 20, 2021 11:47:24 AM Server.HashServer deleteHandler
INFO: Delete request for test5 at 2021-10-20 11:47:24.738
Oct 20, 2021 11:47:24 AM Server.HashServer runTests
INFO: TEST FINISHED at 2021-10-20 11:47:24.739
Oct 20, 2021 11:48:10 AM Server.HashServer putHandler
INFO: Put request for test1 1 at 2021-10-20 11:48:10.957
Oct 20, 2021 11:48:10 AM Server.HashServer putHandler
INFO: Put request for test2 2 at 2021-10-20 11:48:10.961
Oct 20, 2021 11:48:10 AM Server.HashServer putHandler
INFO: Put request for test3 3 at 2021-10-20 11:48:10.963
Oct 20, 2021 11:48:10 AM Server.HashServer putHandler
INFO: Put request for test4 4 at 2021-10-20 11:48:10.965
Oct 20, 2021 11:48:10 AM Server.HashServer putHandler
INFO: Put request for test5 5 at 2021-10-20 11:48:10.967
Oct 20, 2021 11:48:10 AM Server.HashServer getHandler
INFO: Get request for test1 at 2021-10-20 11:48:10.969
Oct 20, 2021 11:48:10 AM Server.HashServer getHandler
INFO: Get request for test2 at 2021-10-20 11:48:10.983
Oct 20, 2021 11:48:10 AM Server.HashServer getHandler
INFO: Get request for test3 at 2021-10-20 11:48:10.986
Oct 20, 2021 11:48:10 AM Server.HashServer getHandler
INFO: Get request for test4 at 2021-10-20 11:48:10.989
Oct 20, 2021 11:48:10 AM Server.HashServer getHandler
INFO: Get request for test5 at 2021-10-20 11:48:10.991
Oct 20, 2021 11:48:10 AM Server.HashServer deleteHandler
INFO: Delete request for test1 at 2021-10-20 11:48:10.994
Oct 20, 2021 11:48:10 AM Server.HashServer deleteHandler
INFO: Delete request for test2 at 2021-10-20 11:48:10.997
Oct 20, 2021 11:48:11 AM Server.HashServer deleteHandler
INFO: Delete request for test3 at 2021-10-20 11:48:11.000
Oct 20, 2021 11:48:11 AM Server.HashServer deleteHandler
INFO: Delete request for test4 at 2021-10-20 11:48:11.002
Oct 20, 2021 11:48:11 AM Server.HashServer deleteHandler
INFO: Delete request for test5 at 2021-10-20 11:48:11.004
Oct 20, 2021 11:48:16 AM Server.HashServer putHandler
INFO: Put request for one two at 2021-10-20 11:48:16.339
Oct 20, 2021 11:48:19 AM Server.HashServer getHandler
INFO: Get request for one at 2021-10-20 11:48:19.290
